This file contains any messages produced by compilers while
running configure, to aid debugging if configure makes a mistake.

It was created by GNU C Library configure (see version.h), which was
generated by GNU Autoconf 2.69.  Invocation command line was

  $ ../configure --prefix=/home/kai/Desktop/lecture/2016/week8/glibc-2.21/64

## --------- ##
## Platform. ##
## --------- ##

hostname = kai-pc
uname -m = x86_64
uname -r = 3.19.0-51-generic
uname -s = Linux
uname -v = #58-Ubuntu SMP Fri Feb 26 21:22:26 UTC 2016

/usr/bin/uname -p = unknown
/bin/uname -X     = unknown

/bin/arch              = unknown
/usr/bin/arch -k       = unknown
/usr/convex/getsysinfo = unknown
/usr/bin/hostinfo      = unknown
/bin/machine           = unknown
/usr/bin/oslevel       = unknown
/bin/universe          = unknown

PATH: /usr/local/sbin
PATH: /usr/local/bin
PATH: /usr/sbin
PATH: /usr/bin
PATH: /sbin
PATH: /bin
PATH: /usr/games
PATH: /usr/local/games


## ----------- ##
## Core tests. ##
## ----------- ##

configure:2365: checking build system type
configure:2379: result: x86_64-unknown-linux-gnu
configure:2399: checking host system type
configure:2412: result: x86_64-unknown-linux-gnu
configure:2481: checking for gcc
configure:2497: found /usr/bin/gcc
configure:2508: result: gcc
configure:2737: checking for C compiler version
configure:2746: gcc --version >&5
gcc (Ubuntu 5.2.1-22ubuntu2) 5.2.1 20151010
Copyright (C) 2015 Free Software Foundation, Inc.
This is free software; see the source for copying conditions.  There is NO
warranty; not even for MERCHANTABILITY or FITNESS FOR A PARTICULAR PURPOSE.

configure:2757: $? = 0
configure:2746: gcc -v >&5
Using built-in specs.
COLLECT_GCC=gcc
COLLECT_LTO_WRAPPER=/usr/lib/gcc/x86_64-linux-gnu/5/lto-wrapper
Target: x86_64-linux-gnu
Configured with: ../src/configure -v --with-pkgversion='Ubuntu 5.2.1-22ubuntu2' --with-bugurl=file:///usr/share/doc/gcc-5/README.Bugs --enable-languages=c,ada,c++,java,go,d,fortran,objc,obj-c++ --prefix=/usr --program-suffix=-5 --enable-shared --enable-linker-build-id --libexecdir=/usr/lib --without-included-gettext --enable-threads=posix --libdir=/usr/lib --enable-nls --with-sysroot=/ --enable-clocale=gnu --enable-libstdcxx-debug --enable-libstdcxx-time=yes --with-default-libstdcxx-abi=new --enable-gnu-unique-object --disable-vtable-verify --enable-libmpx --enable-plugin --with-system-zlib --disable-browser-plugin --enable-java-awt=gtk --enable-gtk-cairo --with-java-home=/usr/lib/jvm/java-1.5.0-gcj-5-amd64/jre --enable-java-home --with-jvm-root-dir=/usr/lib/jvm/java-1.5.0-gcj-5-amd64 --with-jvm-jar-dir=/usr/lib/jvm-exports/java-1.5.0-gcj-5-amd64 --with-arch-directory=amd64 --with-ecj-jar=/usr/share/java/eclipse-ecj.jar --enable-objc-gc --enable-multiarch --disable-werror --with-arch-32=i686 --with-abi=m64 --with-multilib-list=m32,m64,mx32 --enable-multilib --with-tune=generic --enable-checking=release --build=x86_64-linux-gnu --host=x86_64-linux-gnu --target=x86_64-linux-gnu
Thread model: posix
gcc version 5.2.1 20151010 (Ubuntu 5.2.1-22ubuntu2) 
configure:2757: $? = 0
configure:2746: gcc -V >&5
gcc: error: unrecognized command line option '-V'
gcc: fatal error: no input files
compilation terminated.
configure:2757: $? = 1
configure:2746: gcc -qversion >&5
gcc: error: unrecognized command line option '-qversion'
gcc: fatal error: no input files
compilation terminated.
configure:2757: $? = 1
configure:2762: checking for suffix of object files
configure:2784: gcc -c -g -g3 -ggdb -gdwarf-4 -Og  conftest.c >&5
configure:2788: $? = 0
configure:2809: result: o
configure:2813: checking whether we are using the GNU C compiler
configure:2832: gcc -c -g -g3 -ggdb -gdwarf-4 -Og  conftest.c >&5
configure:2832: $? = 0
configure:2841: result: yes
configure:2850: checking whether gcc accepts -g
configure:2870: gcc -c -g  conftest.c >&5
configure:2870: $? = 0
configure:2911: result: yes
configure:3047: checking for g++
configure:3063: found /usr/bin/g++
configure:3074: result: g++
configure:3101: checking for C++ compiler version
configure:3110: g++ --version >&5
g++ (Ubuntu 5.2.1-22ubuntu2) 5.2.1 20151010
Copyright (C) 2015 Free Software Foundation, Inc.
This is free software; see the source for copying conditions.  There is NO
warranty; not even for MERCHANTABILITY or FITNESS FOR A PARTICULAR PURPOSE.

configure:3121: $? = 0
configure:3110: g++ -v >&5
Using built-in specs.
COLLECT_GCC=g++
COLLECT_LTO_WRAPPER=/usr/lib/gcc/x86_64-linux-gnu/5/lto-wrapper
Target: x86_64-linux-gnu
Configured with: ../src/configure -v --with-pkgversion='Ubuntu 5.2.1-22ubuntu2' --with-bugurl=file:///usr/share/doc/gcc-5/README.Bugs --enable-languages=c,ada,c++,java,go,d,fortran,objc,obj-c++ --prefix=/usr --program-suffix=-5 --enable-shared --enable-linker-build-id --libexecdir=/usr/lib --without-included-gettext --enable-threads=posix --libdir=/usr/lib --enable-nls --with-sysroot=/ --enable-clocale=gnu --enable-libstdcxx-debug --enable-libstdcxx-time=yes --with-default-libstdcxx-abi=new --enable-gnu-unique-object --disable-vtable-verify --enable-libmpx --enable-plugin --with-system-zlib --disable-browser-plugin --enable-java-awt=gtk --enable-gtk-cairo --with-java-home=/usr/lib/jvm/java-1.5.0-gcj-5-amd64/jre --enable-java-home --with-jvm-root-dir=/usr/lib/jvm/java-1.5.0-gcj-5-amd64 --with-jvm-jar-dir=/usr/lib/jvm-exports/java-1.5.0-gcj-5-amd64 --with-arch-directory=amd64 --with-ecj-jar=/usr/share/java/eclipse-ecj.jar --enable-objc-gc --enable-multiarch --disable-werror --with-arch-32=i686 --with-abi=m64 --with-multilib-list=m32,m64,mx32 --enable-multilib --with-tune=generic --enable-checking=release --build=x86_64-linux-gnu --host=x86_64-linux-gnu --target=x86_64-linux-gnu
Thread model: posix
gcc version 5.2.1 20151010 (Ubuntu 5.2.1-22ubuntu2) 
configure:3121: $? = 0
configure:3110: g++ -V >&5
g++: error: unrecognized command line option '-V'
g++: fatal error: no input files
compilation terminated.
configure:3121: $? = 1
configure:3110: g++ -qversion >&5
g++: error: unrecognized command line option '-qversion'
g++: fatal error: no input files
compilation terminated.
configure:3121: $? = 1
configure:3125: checking whether we are using the GNU C++ compiler
configure:3144: g++ -c -g -g3 -ggdb -gdwarf-4 -Og  conftest.cpp >&5
configure:3144: $? = 0
configure:3153: result: yes
configure:3162: checking whether g++ accepts -g
configure:3182: g++ -c -g  conftest.cpp >&5
configure:3182: $? = 0
configure:3223: result: yes
configure:3289: checking for readelf
configure:3305: found /usr/bin/readelf
configure:3316: result: readelf
configure:3780: checking for sysdeps preconfigure fragments
configure:9: checking whether gcc compiles in -mx32 mode by default
configure:27: gcc -c -g -g3 -ggdb -gdwarf-4 -Og  conftest.c >&5
conftest.c:12:3: error: #error not x32
 # error not x32
   ^
configure:27: $? = 1
configure: failed program was:
| /* confdefs.h */
| #define PACKAGE_NAME "GNU C Library"
| #define PACKAGE_TARNAME "glibc"
| #define PACKAGE_VERSION "(see version.h)"
| #define PACKAGE_STRING "GNU C Library (see version.h)"
| #define PACKAGE_BUGREPORT "http://sourceware.org/bugzilla/"
| #define PACKAGE_URL "http://www.gnu.org/software/glibc/"
| #define PKGVERSION "(GNU libc) "
| #define REPORT_BUGS_TO "<http://www.gnu.org/software/libc/bugs.html>"
| /* end confdefs.h.  */
| #ifndef __ILP32__
| # error not x32
| #endif
| int
| main ()
| {
| 
|   ;
|   return 0;
| }
configure:34: result: no
configure:3787: result: 
configure:3861: running configure fragment for add-on libidn
configure:3961: checking for assembler and linker STT_GNU_IFUNC support

Relocation section '.rela.plt' at offset 0x110 contains 1 entries:
  Offset          Info           Type           Sym. Value    Sym. Name + Addend
000000600140  000000000025 R_X86_64_IRELATIV                    400140
configure:3992: result: yes
configure:3995: checking whether .text pseudo-op must be used
configure:4005: gcc  -c conftest.s 1>&5
configure:4008: $? = 0
configure:4019: result: yes
configure:4038: checking sysdep dirs
configure:4258: result: sysdeps/generic
configure:4335: checking for a BSD-compatible install
configure:4403: result: /usr/bin/install -c
configure:4418: checking whether ln -s works
configure:4422: result: yes
configure:4446: checking whether as is GNU as
configure:4460: result: yes
configure:4465: checking whether ld is GNU ld
configure:4479: result: yes
configure:4489: checking for as
configure:4516: result: as
configure:4531: checking version of as
configure:4541: result: 2.25.1, ok
configure:4552: checking for ld
configure:4579: result: ld
configure:4594: checking version of ld
configure:4604: result: 2.25.1, ok
configure:4618: checking for gnumake
configure:4648: result: no
configure:4618: checking for gmake
configure:4648: result: no
configure:4618: checking for make
configure:4634: found /usr/bin/make
configure:4645: result: make
configure:4660: checking version of make
configure:4670: result: 4.0, ok
configure:4682: checking for gnumsgfmt
configure:4712: result: no
configure:4682: checking for gmsgfmt
configure:4712: result: no
configure:4682: checking for msgfmt
configure:4698: found /usr/bin/msgfmt
configure:4709: result: msgfmt
configure:4724: checking version of msgfmt
configure:4734: result: 0.19.4, ok
configure:4745: checking for makeinfo
configure:4761: found /usr/bin/makeinfo
configure:4772: result: makeinfo
configure:4787: checking version of makeinfo
configure:4797: result: 5.2, ok
configure:4808: checking for sed
configure:4824: found /bin/sed
configure:4835: result: sed
configure:4850: checking version of sed
configure:4860: result: 4.2.2, ok
configure:4871: checking for gawk
configure:4887: found /usr/bin/gawk
configure:4898: result: gawk
configure:4913: checking version of gawk
configure:4923: result: 4.1.1, ok
configure:4931: checking if gcc is sufficient to build libc
configure:4951: gcc -c -g -g3 -ggdb -gdwarf-4 -Og  conftest.c >&5
configure:4951: $? = 0
configure:4958: result: yes
configure:5007: checking for nm
configure:5023: found /usr/bin/nm
configure:5034: result: nm
configure:5170: checking LD_LIBRARY_PATH variable
configure:5180: result: ok
configure:5189: checking whether GCC supports -static-libgcc
configure:5200: result: -static-libgcc
configure:5206: checking for bash
configure:5224: found /bin/bash
configure:5237: result: /bin/bash
configure:5248: checking for perl
configure:5266: found /usr/bin/perl
configure:5279: result: /usr/bin/perl
configure:5293: checking for install-info
configure:5312: found /usr/bin/install-info
configure:5325: result: /usr/bin/install-info
configure:5337: checking for bison
configure:5353: found /usr/bin/bison
configure:5364: result: bison
configure:5379: checking version of bison
configure:5389: result: 3.0.2, ok
configure:5397: checking for libc-friendly stddef.h
configure:5421: gcc -c -g -g3 -ggdb -gdwarf-4 -Og  conftest.c >&5
conftest.c: In function 'main':
conftest.c:25:38: warning: implicit declaration of function 'abort' [-Wimplicit-function-declaration]
 if (&size == NULL || &wchar == NULL) abort ();
                                      ^
conftest.c:25:38: warning: incompatible implicit declaration of built-in function 'abort'
conftest.c:25:38: note: include '<stdlib.h>' or provide a declaration of 'abort'
configure:5421: $? = 0
configure:5428: result: yes
configure:5435: checking whether we need to use -P to assemble .S files
configure:5445: gcc   -c conftest.S 1>&5
configure:5448: $? = 0
configure:5456: result: no
configure:5463: checking for .set assembler directive
configure:5489: result: yes
configure:5496: checking for assembler gnu_unique_object symbol type
configure:5513: result: yes
configure:5520: checking for .previous assembler directive
configure:5530: gcc -c  conftest.s 1>&5
configure:5533: $? = 0
configure:5541: result: yes
configure:5575: checking for .protected and .hidden assembler directive
configure:5587: gcc -c  conftest.s 1>&5
configure:5590: $? = 0
configure:5598: result: yes
configure:5602: checking whether __attribute__((visibility())) is supported
configure:5613: gcc -Werror -S conftest.c -o conftest.s 1>&5
configure:5616: $? = 0
configure:5627: result: yes
configure:5635: checking for broken __attribute__((visibility()))
configure:5647: gcc -Werror -S conftest.c -o conftest.s 1>&5
configure:5650: $? = 0
configure:5659: result: no
configure:5666: checking for broken __attribute__((alias()))
configure:5681: gcc -Werror -S conftest.c -o conftest.s 1>&5
configure:5684: $? = 0
configure:5694: result: no
configure:5701: checking whether to put _rtld_local into .sdata section
configure:5715: result: no
configure:5723: checking for .preinit_array/.init_array/.fini_array support
configure:5739: gcc -g -g3 -ggdb -gdwarf-4 -Og   -o conftest
		       conftest.c -static -nostartfiles -nostdlib
		       1>&5
configure:5742: $? = 0
configure:5755: result: yes
configure:5761: checking whether to use .ctors/.dtors header and trailer
configure:5778: gcc -g -g3 -ggdb -gdwarf-4 -Og   -o conftest
		       conftest.c -static -nostartfiles -nostdlib
		       1>&5
configure:5781: $? = 0
configure:5807: result: no
configure:5814: checking for libunwind-support in compiler
configure:5831: result: no
configure:5839: checking for linker that supports -z nodelete
configure:5852: gcc -g -g3 -ggdb -gdwarf-4 -Og  
				-Wl,--enable-new-dtags,-z,nodelete -nostdlib -nostartfiles
				-fPIC -shared -o conftest.so conftest.c
				1>&5
configure:5855: $? = 0
configure:5868: result: yes
configure:5871: checking for linker that supports -z nodlopen
configure:5884: gcc -g -g3 -ggdb -gdwarf-4 -Og  
				-Wl,--enable-new-dtags,-z,nodlopen -nostdlib -nostartfiles
				-fPIC -shared -o conftest.so conftest.c
				1>&5
configure:5887: $? = 0
configure:5900: result: yes
configure:5903: checking for linker that supports -z initfirst
configure:5916: gcc -g -g3 -ggdb -gdwarf-4 -Og  
				-Wl,--enable-new-dtags,-z,initfirst -nostdlib -nostartfiles
				-fPIC -shared -o conftest.so conftest.c
				1>&5
configure:5919: $? = 0
configure:5932: result: yes
configure:5935: checking for -Bgroup option
configure:5946: gcc -g -g3 -ggdb -gdwarf-4 -Og  
			    -fPIC -shared -o conftest.so conftest.c
			    -Wl,-Bgroup -nostdlib 1>&5
configure:5949: $? = 0
configure:5958: result: yes
configure:5963: checking whether --noexecstack is desirable for .S files
configure:5973: gcc -g -g3 -ggdb -gdwarf-4 -Og 
		   -S -o conftest.s conftest.c 1>&5
configure:5976: $? = 0
configure:5981: gcc  -Wa,--noexecstack
		      -c -o conftest.o conftest.s 1>&5
configure:5984: $? = 0
configure:5993: result: yes
configure:6000: checking for -z combreloc
configure:6014: gcc -g -g3 -ggdb -gdwarf-4 -Og  
			-fPIC -shared -o conftest.so conftest.c
			-nostdlib -nostartfiles
			-Wl,-z,combreloc 1>&5
configure:6017: $? = 0
configure:6030: result: yes
configure:6038: checking for linker that supports -z execstack
configure:6051: gcc -g -g3 -ggdb -gdwarf-4 -Og  
				-Wl,-z,execstack -nostdlib -nostartfiles
				-fPIC -shared -o conftest.so conftest.c
				1>&5
configure:6054: $? = 0
configure:6067: result: yes
configure:6071: checking for -fpie
configure:6077: gcc -fpie -xc /dev/null -S -o /dev/null
configure:6080: $? = 0
configure:6088: result: yes
configure:6093: checking for --hash-style option
configure:6104: gcc -g -g3 -ggdb -gdwarf-4 -Og  
			    -fPIC -shared -o conftest.so conftest.c
			    -Wl,--hash-style=both -nostdlib 1>&5
configure:6107: $? = 0
configure:6116: result: yes
configure:6124: checking for sufficient default -shared layout
configure:6143:   gcc  -shared -o conftest.so conftest.s 1>&5
configure:6146: $? = 0
nono from:

NOTE .note.gnu.build-i
GNU_HASH .gnu.hash
DYNSYM .dynsym
STRTAB .dynstr
VERSYM .gnu.version
VERNEED .gnu.version_r
RELA .rela.dyn
RELA .rela.plt
PROGBITS .init
PROGBITS .plt
PROGBITS .text
PROGBITS .fini
NOTE .note.a
NOTE .note.b
PROGBITS .eh_frame
INIT_ARRAY .init_array
FINI_ARRAY .fini_array
PROGBITS .jcr
DYNAMIC .dynamic
PROGBITS .got
PROGBITS .got.plt
PROGBITS .data
NOBITS .bss
PROGBITS .comment
STRTAB .shstrtab
SYMTAB .symtab
STRTAB .strtab
configure:6178: result: no
configure:6183: checking linker output format
configure:6197: result: elf64-x86-64
configure:6201: checking for -fno-toplevel-reorder -fno-section-anchors
configure:6211: gcc -g -g3 -ggdb -gdwarf-4 -Og  -S -fno-toplevel-reorder -fno-section-anchors
			    conftest.c 1>&5
configure:6214: $? = 0
configure:6223: result: yes
configure:6232: checking for -fstack-protector
configure:6238: gcc -g -g3 -ggdb -gdwarf-4 -Og  -Werror -fstack-protector -xc /dev/null -S -o /dev/null
configure:6241: $? = 0
configure:6249: result: yes
configure:6253: checking for -fgnu89-inline
configure:6268: gcc -g -g3 -ggdb -gdwarf-4 -Og  -S -std=gnu99 -fgnu89-inline
			    -o conftest.s conftest.c 1>&5
conftest.c:3:1: warning: return type defaults to 'int' [-Wimplicit-int]
 main () { return 0;}
 ^
configure:6271: $? = 0
configure:6280: result: yes
configure:6289: checking whether cc puts quotes around section names
configure:6310: result: no
configure:6317: checking for assembler .weak directive
configure:6330: gcc  -c conftest.s 1>&5
configure:6333: $? = 0
configure:6341: result: yes
configure:6384: checking for ld --no-whole-archive
configure:6397: gcc -g -g3 -ggdb -gdwarf-4 -Og  
			    -nostdlib -nostartfiles -Wl,--no-whole-archive
			    -o conftest conftest.c 1>&5
conftest.c:1:1: warning: return type defaults to 'int' [-Wimplicit-int]
 _start () {}
 ^
conftest.c:3:1: warning: return type defaults to 'int' [-Wimplicit-int]
 __throw () {}
 ^
configure:6400: $? = 0
configure:6408: result: yes
configure:6414: checking for gcc -fexceptions
configure:6427: gcc -g -g3 -ggdb -gdwarf-4 -Og  
			    -nostdlib -nostartfiles -fexceptions
			    -o conftest conftest.c 1>&5
conftest.c:1:1: warning: return type defaults to 'int' [-Wimplicit-int]
 _start () {}
 ^
conftest.c:3:1: warning: return type defaults to 'int' [-Wimplicit-int]
 __throw () {}
 ^
configure:6430: $? = 0
configure:6438: result: yes
configure:6444: checking for __builtin_memset
configure:6456: gcc -O3 -S conftest.c -o - | fgrep memset > /dev/null
configure:6459: $? = 1
configure:6468: result: yes
configure:6475: checking for redirection of built-in functions
configure:6488: gcc -O3 -S conftest.c -o - | fgrep my_strstr > /dev/null
configure:6491: $? = 0
configure:6500: result: yes
configure:6506: checking for __thread
configure:6515: gcc -g -g3 -ggdb -gdwarf-4 -Og  -c conftest.c >&5
configure:6518: $? = 0
configure:6526: result: yes
configure:6532: checking for tls_model attribute
configure:6541: gcc -g -g3 -ggdb -gdwarf-4 -Og  -S -Werror conftest.c >&5
configure:6544: $? = 0
configure:6552: result: yes
configure:6558: checking for compiler option to disable generation of FMA instructions
configure:6566: gcc -ffp-contract=off -xc /dev/null -S -o /dev/null
configure:6569: $? = 0
configure:6575: result: -ffp-contract=off
configure:6608: checking if gcc accepts -fno-tree-loop-distribute-patterns with __attribute__ ((__optimize__))
configure:6621: gcc -g -g3 -ggdb -gdwarf-4 -Og  -c conftest.c
configure:6624: $? = 0
configure:6631: result: yes
configure:6639: checking for libgd
configure:6659: gcc -o conftest -g -g3 -ggdb -gdwarf-4 -Og     conftest.c  -lgd -lpng -lz -lm >&5
conftest.c:21:16: fatal error: gd.h: No such file or directory
compilation terminated.
configure:6659: $? = 1
configure: failed program was:
| /* confdefs.h */
| #define PACKAGE_NAME "GNU C Library"
| #define PACKAGE_TARNAME "glibc"
| #define PACKAGE_VERSION "(see version.h)"
| #define PACKAGE_STRING "GNU C Library (see version.h)"
| #define PACKAGE_BUGREPORT "http://sourceware.org/bugzilla/"
| #define PACKAGE_URL "http://www.gnu.org/software/glibc/"
| #define PKGVERSION "(GNU libc) "
| #define REPORT_BUGS_TO "<http://www.gnu.org/software/libc/bugs.html>"
| #define HAVE_LIBIDN 1
| #define USE_MULTIARCH 1
| #define HAVE_ASM_SET_DIRECTIVE 1
| #define HAVE_ASM_UNIQUE_OBJECT 1
| #define HAVE_ASM_PREVIOUS_DIRECTIVE 1
| #define NO_CTORS_DTORS_SECTIONS 1
| #define HAVE_Z_COMBRELOC 1
| #define HAVE_ASM_WEAK_DIRECTIVE 1
| #define HAVE_BUILTIN_MEMSET 1
| #define HAVE_CC_INHIBIT_LOOP_TO_LIBCALL 1
| /* end confdefs.h.  */
| #include <gd.h>
| int
| main ()
| {
| gdImagePng (0, 0)
|   ;
|   return 0;
| }
configure:6672: result: no
configure:6681: checking for is_selinux_enabled in -lselinux
configure:6706: gcc -o conftest -g -g3 -ggdb -gdwarf-4 -Og   conftest.c -lselinux   >&5
/usr/bin/ld: cannot find -lselinux
collect2: error: ld returned 1 exit status
configure:6706: $? = 1
configure: failed program was:
| /* confdefs.h */
| #define PACKAGE_NAME "GNU C Library"
| #define PACKAGE_TARNAME "glibc"
| #define PACKAGE_VERSION "(see version.h)"
| #define PACKAGE_STRING "GNU C Library (see version.h)"
| #define PACKAGE_BUGREPORT "http://sourceware.org/bugzilla/"
| #define PACKAGE_URL "http://www.gnu.org/software/glibc/"
| #define PKGVERSION "(GNU libc) "
| #define REPORT_BUGS_TO "<http://www.gnu.org/software/libc/bugs.html>"
| #define HAVE_LIBIDN 1
| #define USE_MULTIARCH 1
| #define HAVE_ASM_SET_DIRECTIVE 1
| #define HAVE_ASM_UNIQUE_OBJECT 1
| #define HAVE_ASM_PREVIOUS_DIRECTIVE 1
| #define NO_CTORS_DTORS_SECTIONS 1
| #define HAVE_Z_COMBRELOC 1
| #define HAVE_ASM_WEAK_DIRECTIVE 1
| #define HAVE_BUILTIN_MEMSET 1
| #define HAVE_CC_INHIBIT_LOOP_TO_LIBCALL 1
| /* end confdefs.h.  */
| 
| /* Override any GCC internal prototype to avoid an error.
|    Use char because int might match the return type of a GCC
|    builtin and then its argument prototype would still apply.  */
| #ifdef __cplusplus
| extern "C"
| #endif
| char is_selinux_enabled ();
| int
| main ()
| {
| return is_selinux_enabled ();
|   ;
|   return 0;
| }
configure:6715: result: no
configure:6842: checking size of long double
configure:6847: gcc -o conftest -g -g3 -ggdb -gdwarf-4 -Og   conftest.c  >&5
configure:6847: $? = 0
configure:6847: ./conftest
configure:6847: $? = 0
configure:6861: result: 16
configure:6875: checking for _FORTIFY_SOURCE predefine
configure:6894: gcc -c -g -g3 -ggdb -gdwarf-4 -Og  conftest.c >&5
conftest.c: In function 'main':
conftest.c:28:3: error: #error bogon
 # error bogon
   ^
configure:6894: $? = 1
configure: failed program was:
| /* confdefs.h */
| #define PACKAGE_NAME "GNU C Library"
| #define PACKAGE_TARNAME "glibc"
| #define PACKAGE_VERSION "(see version.h)"
| #define PACKAGE_STRING "GNU C Library (see version.h)"
| #define PACKAGE_BUGREPORT "http://sourceware.org/bugzilla/"
| #define PACKAGE_URL "http://www.gnu.org/software/glibc/"
| #define PKGVERSION "(GNU libc) "
| #define REPORT_BUGS_TO "<http://www.gnu.org/software/libc/bugs.html>"
| #define HAVE_LIBIDN 1
| #define USE_MULTIARCH 1
| #define HAVE_ASM_SET_DIRECTIVE 1
| #define HAVE_ASM_UNIQUE_OBJECT 1
| #define HAVE_ASM_PREVIOUS_DIRECTIVE 1
| #define NO_CTORS_DTORS_SECTIONS 1
| #define HAVE_Z_COMBRELOC 1
| #define HAVE_ASM_WEAK_DIRECTIVE 1
| #define HAVE_BUILTIN_MEMSET 1
| #define HAVE_CC_INHIBIT_LOOP_TO_LIBCALL 1
| #define SIZEOF_LONG_DOUBLE 16
| /* end confdefs.h.  */
| 
| int
| main ()
| {
| 
| #ifdef _FORTIFY_SOURCE
| # error bogon
| #endif
|   ;
|   return 0;
| }
configure:6901: result: yes
configure:6908: checking whether gcc implicitly enables -fstack-protector
configure:6925: gcc -c -g -g3 -ggdb -gdwarf-4 -Og  conftest.c >&5
configure:6925: $? = 0
libc_undefs='__stack_chk_fail
foobar'
configure:6952: result: yes
configure:6963: checking whether the linker provides working __ehdr_start
configure:6986: gcc -o conftest -g -g3 -ggdb -gdwarf-4 -Og -fPIC   -nostdlib -nostartfiles -shared conftest.c  >&5
configure:6986: $? = 0
configure:7002: result: yes
configure:7012: checking for __builtin_trap with no external dependencies
configure:7029: gcc -c -g -g3 -ggdb -gdwarf-4 -Og  conftest.c >&5
configure:7029: $? = 0
libc_undefs=''
configure:7043: result: yes
configure:7069: result: running configure fragment for sysdeps/unix/sysv/linux/x86_64/64
configure:7069: result: running configure fragment for sysdeps/unix/sysv/linux/x86_64
configure:7069: result: running configure fragment for sysdeps/unix/sysv/linux
configure:40: checking installed Linux kernel header files
configure:59: gcc -c -g -g3 -ggdb -gdwarf-4 -Og  conftest.c >&5
configure:59: $? = 0
configure:66: result: 2.6.32 or later
configure:100: checking for kernel header at least 2.6.32
configure:118: gcc -c -g -g3 -ggdb -gdwarf-4 -Og  conftest.c >&5
configure:118: $? = 0
configure:124: result: ok
configure:142: checking for linux/fanotify.h
configure:142: gcc -c -g -g3 -ggdb -gdwarf-4 -Og  conftest.c >&5
configure:142: $? = 0
configure:142: result: yes
configure:184: checking for symlinks in /home/kai/Desktop/lecture/2016/week8/glibc-2.21/64/include
configure:201: result: ok
configure:7069: result: running configure fragment for sysdeps/nptl
configure:13: checking for forced unwind support
configure:37: gcc -c -g -g3 -ggdb -gdwarf-4 -Og  -Dinhibit_libc=1 conftest.c >&5
configure:37: $? = 0
configure:45: result: yes
configure:52: checking for C cleanup handling
configure:72: gcc -c -g -g3 -ggdb -gdwarf-4 -Og -Werror -fexceptions  conftest.c >&5
configure:72: $? = 0
configure:79: result: yes
configure:7069: result: running configure fragment for sysdeps/gnu
configure:7069: result: running configure fragment for sysdeps/x86_64
configure:36: checking for cpuid.h
configure:36: gcc -c -g -g3 -ggdb -gdwarf-4 -Og  conftest.c >&5
configure:36: $? = 0
configure:36: result: yes
configure:46: checking for SSE4 support
configure:52: gcc -msse4 -xc /dev/null -S -o /dev/null
configure:55: $? = 0
configure:63: result: yes
configure:72: checking for AVX support
configure:78: gcc -mavx -xc /dev/null -S -o /dev/null
configure:81: $? = 0
configure:89: result: yes
configure:98: checking for AVX512 support in assembler
configure:107: gcc -c  conftest.s 1>&5
configure:110: $? = 0
configure:118: result: yes
configure:125: checking for AVX512 support
configure:131: gcc -mavx512f -xc /dev/null -S -o /dev/null
configure:134: $? = 0
configure:142: result: yes
configure:151: checking for AVX encoding of SSE instructions
configure:157: gcc -msse2avx -xc /dev/null -S -o /dev/null
configure:160: $? = 0
configure:168: result: yes
configure:177: checking for FMA4 support
configure:183: gcc -mfma4 -xc /dev/null -S -o /dev/null
configure:186: $? = 0
configure:194: result: yes
configure:203: checking for -mno-vzeroupper support
configure:209: gcc -mno-vzeroupper -xc /dev/null -S -o /dev/null
configure:212: $? = 0
configure:220: result: yes
configure:225: checking for Intel MPX support
configure:234: gcc -c  conftest.s 1>&5
configure:237: $? = 0
configure:245: result: yes
configure:252: checking for AVX2 support
configure:258: gcc -mavx2 -xc /dev/null -S -o /dev/null
configure:261: $? = 0
configure:269: result: yes
configure:7104: checking for old glibc 2.0.x headers
configure:7112: result: no
configure:7140: checking whether -fPIC is default
configure:7156: result: no
configure:7290: creating ./config.status

## ---------------------- ##
## Running config.status. ##
## ---------------------- ##

This file was extended by GNU C Library config.status (see version.h), which was
generated by GNU Autoconf 2.69.  Invocation command line was

  CONFIG_FILES    = 
  CONFIG_HEADERS  = 
  CONFIG_LINKS    = 
  CONFIG_COMMANDS = 
  $ ./config.status 

on kai-pc

config.status:948: creating config.make
config.status:948: creating Makefile
config.status:948: creating config.h
config.status:1122: executing default commands

## ---------------- ##
## Cache variables. ##
## ---------------- ##

ac_cv_build=x86_64-unknown-linux-gnu
ac_cv_c_compiler_gnu=yes
ac_cv_cxx_compiler_gnu=yes
ac_cv_env_CCC_set=
ac_cv_env_CCC_value=
ac_cv_env_CC_set=
ac_cv_env_CC_value=
ac_cv_env_CFLAGS_set=set
ac_cv_env_CFLAGS_value='-g -g3 -ggdb -gdwarf-4 -Og'
ac_cv_env_CPPFLAGS_set=
ac_cv_env_CPPFLAGS_value=
ac_cv_env_CPP_set=
ac_cv_env_CPP_value=
ac_cv_env_CXXFLAGS_set=set
ac_cv_env_CXXFLAGS_value='-g -g3 -ggdb -gdwarf-4 -Og'
ac_cv_env_CXX_set=
ac_cv_env_CXX_value=
ac_cv_env_LDFLAGS_set=
ac_cv_env_LDFLAGS_value=
ac_cv_env_LIBS_set=
ac_cv_env_LIBS_value=
ac_cv_env_build_alias_set=
ac_cv_env_build_alias_value=
ac_cv_env_host_alias_set=
ac_cv_env_host_alias_value=
ac_cv_env_target_alias_set=
ac_cv_env_target_alias_value=
ac_cv_header_cpuid_h=yes
ac_cv_header_linux_fanotify_h=yes
ac_cv_host=x86_64-unknown-linux-gnu
ac_cv_lib_selinux_is_selinux_enabled=no
ac_cv_objext=o
ac_cv_path_BASH_SHELL=/bin/bash
ac_cv_path_INSTALL_INFO=/usr/bin/install-info
ac_cv_path_PERL=/usr/bin/perl
ac_cv_path_install='/usr/bin/install -c'
ac_cv_prog_AS=as
ac_cv_prog_AWK=gawk
ac_cv_prog_BISON=bison
ac_cv_prog_LD=ld
ac_cv_prog_MAKE=make
ac_cv_prog_MAKEINFO=makeinfo
ac_cv_prog_MSGFMT=msgfmt
ac_cv_prog_SED=sed
ac_cv_prog_ac_ct_CC=gcc
ac_cv_prog_ac_ct_CXX=g++
ac_cv_prog_ac_ct_NM=nm
ac_cv_prog_ac_ct_READELF=readelf
ac_cv_prog_cc_g=yes
ac_cv_prog_cxx_g=yes
ac_cv_sizeof_long_double=16
libc_cv_Bgroup=yes
libc_cv_as_noexecstack=yes
libc_cv_asm_avx512=yes
libc_cv_asm_mpx=yes
libc_cv_asm_previous_directive=yes
libc_cv_asm_protected_directive=yes
libc_cv_asm_set_directive=yes
libc_cv_asm_unique_object=yes
libc_cv_asm_weak_directive=yes
libc_cv_broken_alias_attribute=no
libc_cv_broken_visibility_attribute=no
libc_cv_builtin_trap=yes
libc_cv_c_cleanup=yes
libc_cv_cc_avx2=yes
libc_cv_cc_avx512=yes
libc_cv_cc_avx=yes
libc_cv_cc_fma4=yes
libc_cv_cc_loop_to_function=yes
libc_cv_cc_nofma=-ffp-contract=off
libc_cv_cc_novzeroupper=yes
libc_cv_cc_sse2avx=yes
libc_cv_cc_sse4=yes
libc_cv_cc_with_libunwind=no
libc_cv_compiler_ok=yes
libc_cv_ctors_header=no
libc_cv_dot_text=.text
libc_cv_ehdr_start=yes
libc_cv_fno_toplevel_reorder=yes
libc_cv_forced_unwind=yes
libc_cv_fpie=yes
libc_cv_friendly_stddef=yes
libc_cv_gcc___thread=yes
libc_cv_gcc_builtin_memset=yes
libc_cv_gcc_builtin_redirection=yes
libc_cv_gcc_exceptions=yes
libc_cv_gcc_static_libgcc=-static-libgcc
libc_cv_gcc_tls_model_attr=yes
libc_cv_gcc_unwind_find_fde=no
libc_cv_gnu89_inline=yes
libc_cv_hashstyle=yes
libc_cv_have_sdata_section=no
libc_cv_have_section_quotes=no
libc_cv_idn=no
libc_cv_initfini_array=yes
libc_cv_ld_gnu_indirect_function=yes
libc_cv_ld_no_whole_archive=yes
libc_cv_linux2632='2.6.32 or later'
libc_cv_localstatedir='${prefix}/var'
libc_cv_need_minus_P=no
libc_cv_nss_crypt=no
libc_cv_output_format=elf64-x86-64
libc_cv_pic_default=no
libc_cv_predef_fortify_source=yes
libc_cv_predef_stack_protector=yes
libc_cv_prog_as_gnu=yes
libc_cv_prog_ld_gnu=yes
libc_cv_ssp=yes
libc_cv_sysconfdir='${prefix}/etc'
libc_cv_use_default_link=no
libc_cv_visibility_attribute=yes
libc_cv_x32=no
libc_cv_z_combreloc=yes
libc_cv_z_execstack=yes
libc_cv_z_initfirst=yes
libc_cv_z_nodelete=yes
libc_cv_z_nodlopen=yes

## ----------------- ##
## Output variables. ##
## ----------------- ##

AR='ar'
AS='as'
ASFLAGS_config=' -Wa,--noexecstack'
AUTOCONF='no'
AWK='gawk'
BASH_SHELL='/bin/bash'
BISON='bison'
BUILD_CC=''
CC='gcc'
CFLAGS='-g -g3 -ggdb -gdwarf-4 -Og'
CPP='gcc -E'
CPPFLAGS=''
CPPUNDEFS='-U_FORTIFY_SOURCE'
CXX='g++'
CXXFLAGS='-g -g3 -ggdb -gdwarf-4 -Og'
CXX_SYSINCLUDES=''
DEFINES=''
DEFS='-DHAVE_CONFIG_H'
ECHO_C=''
ECHO_N='-n'
ECHO_T=''
INSTALL_DATA='${INSTALL} -m 644'
INSTALL_INFO='/usr/bin/install-info'
INSTALL_PROGRAM='${INSTALL}'
INSTALL_SCRIPT='${INSTALL}'
LD='ld'
LDFLAGS=''
LIBGD='no'
LIBOBJS=''
LIBS=''
LN_S='ln -s'
LTLIBOBJS=''
MAKE='make'
MAKEINFO='makeinfo'
MSGFMT='msgfmt'
NM='nm'
OBJCOPY='objcopy'
OBJDUMP='objdump'
OBJEXT='o'
PACKAGE_BUGREPORT='http://sourceware.org/bugzilla/'
PACKAGE_NAME='GNU C Library'
PACKAGE_STRING='GNU C Library (see version.h)'
PACKAGE_TARNAME='glibc'
PACKAGE_URL='http://www.gnu.org/software/glibc/'
PACKAGE_VERSION='(see version.h)'
PATH_SEPARATOR=':'
PERL='/usr/bin/perl'
PKGVERSION='(GNU libc) '
PKGVERSION_TEXI='(GNU libc) '
READELF='readelf'
RELEASE='stable'
REPORT_BUGS_TEXI='@uref{http://www.gnu.org/software/libc/bugs.html}'
REPORT_BUGS_TO='<http://www.gnu.org/software/libc/bugs.html>'
SED='sed'
SHELL='/bin/bash'
SYSINCLUDES=''
VERSION='2.21'
ac_ct_CC='gcc'
ac_ct_CXX='g++'
add_on_subdirs=' libidn'
add_ons='libidn'
all_warnings=''
base_machine='x86_64'
bindir='${exec_prefix}/bin'
bindnow='no'
build='x86_64-unknown-linux-gnu'
build_alias=''
build_cpu='x86_64'
build_nscd='yes'
build_os='linux-gnu'
build_pt_chown='no'
build_vendor='unknown'
cross_compiling='no'
datadir='${datarootdir}'
datarootdir='${prefix}/share'
docdir='${datarootdir}/doc/${PACKAGE_TARNAME}'
dvidir='${docdir}'
enable_lock_elision='no'
enable_werror='yes'
exceptions='-fexceptions'
exec_prefix='${prefix}'
fno_unit_at_a_time='-fno-toplevel-reorder -fno-section-anchors'
force_install='yes'
gnu89_inline='-fgnu89-inline'
hardcoded_path_in_tests='no'
have_libaudit=''
have_libcap=''
have_selinux='no'
host='x86_64-unknown-linux-gnu'
host_alias=''
host_cpu='x86_64'
host_os='linux-gnu'
host_vendor='unknown'
htmldir='${docdir}'
includedir='${prefix}/include'
infodir='${datarootdir}/info'
ldd_rewrite_script='sysdeps/unix/sysv/linux/x86_64/ldd-rewrite.sed'
libc_cv_Bgroup='yes'
libc_cv_cc_loop_to_function='yes'
libc_cv_cc_nofma='-ffp-contract=off'
libc_cv_cc_submachine=''
libc_cv_cc_with_libunwind='no'
libc_cv_forced_unwind='yes'
libc_cv_fpie='yes'
libc_cv_gcc_static_libgcc='-static-libgcc'
libc_cv_gcc_unwind_find_fde='no'
libc_cv_hashstyle='yes'
libc_cv_localedir=''
libc_cv_localstatedir='${prefix}/var'
libc_cv_nss_crypt='no'
libc_cv_output_format='elf64-x86-64'
libc_cv_pic_default='no'
libc_cv_rootsbindir=''
libc_cv_rtlddir=''
libc_cv_slibdir=''
libc_cv_ssp='yes'
libc_cv_sysconfdir='${prefix}/etc'
libc_cv_z_combreloc='yes'
libc_cv_z_execstack='yes'
libc_extra_cflags=' -fno-stack-protector'
libc_extra_cppflags=''
libdir='${exec_prefix}/lib'
libexecdir='${exec_prefix}/libexec'
link_obsolete_rpc='no'
localedir='${datarootdir}/locale'
localstatedir='${prefix}/var'
mach_interface_list=''
mandir='${datarootdir}/man'
multi_arch='default'
old_glibc_headers='no'
oldincludedir='/usr/include'
pdfdir='${docdir}'
prefix='/home/kai/Desktop/lecture/2016/week8/glibc-2.21/64'
profile='no'
program_transform_name='s,x,x,'
psdir='${docdir}'
sbindir='${exec_prefix}/sbin'
shared='yes'
sharedstatedir='${prefix}/com'
sizeof_long_double='16'
static=''
static_nss='no'
subdirs='  '
submachine=''
sysconfdir='${prefix}/etc'
sysdeps_add_ons=''
sysheaders=''
sysnames=' sysdeps/unix/sysv/linux/x86_64/64 sysdeps/unix/sysv/linux/x86_64 sysdeps/unix/sysv/linux/x86 sysdeps/unix/sysv/linux/wordsize-64 sysdeps/x86_64/nptl sysdeps/unix/sysv/linux sysdeps/nptl sysdeps/pthread sysdeps/gnu sysdeps/unix/inet sysdeps/unix/sysv sysdeps/unix/x86_64 sysdeps/unix sysdeps/posix sysdeps/x86_64/64 sysdeps/x86_64/fpu/multiarch sysdeps/x86_64/fpu sysdeps/x86/fpu sysdeps/x86_64/multiarch sysdeps/x86_64 sysdeps/x86 sysdeps/ieee754/ldbl-96 sysdeps/ieee754/dbl-64/wordsize-64 sysdeps/ieee754/dbl-64 sysdeps/ieee754/flt-32 sysdeps/wordsize-64 sysdeps/ieee754 sysdeps/generic'
target_alias=''
use_default_link='no'
use_ldconfig='yes'
use_nscd='yes'
with_fp='yes'

## ----------- ##
## confdefs.h. ##
## ----------- ##

/* confdefs.h */
#define PACKAGE_NAME "GNU C Library"
#define PACKAGE_TARNAME "glibc"
#define PACKAGE_VERSION "(see version.h)"
#define PACKAGE_STRING "GNU C Library (see version.h)"
#define PACKAGE_BUGREPORT "http://sourceware.org/bugzilla/"
#define PACKAGE_URL "http://www.gnu.org/software/glibc/"
#define PKGVERSION "(GNU libc) "
#define REPORT_BUGS_TO "<http://www.gnu.org/software/libc/bugs.html>"
#define HAVE_LIBIDN 1
#define USE_MULTIARCH 1
#define HAVE_ASM_SET_DIRECTIVE 1
#define HAVE_ASM_UNIQUE_OBJECT 1
#define HAVE_ASM_PREVIOUS_DIRECTIVE 1
#define NO_CTORS_DTORS_SECTIONS 1
#define HAVE_Z_COMBRELOC 1
#define HAVE_ASM_WEAK_DIRECTIVE 1
#define HAVE_BUILTIN_MEMSET 1
#define HAVE_CC_INHIBIT_LOOP_TO_LIBCALL 1
#define SIZEOF_LONG_DOUBLE 16
#define HAVE_EHDR_START 1
#define HAVE_BUILTIN_TRAP 1
#define __LINUX_KERNEL_VERSION (2 * 65536 + 6 * 256 + 32)
#define __ABI_TAG_VERSION 2,6,32
#define HAVE_LINUX_FANOTIFY_H 1
#define HAVE_INLINED_SYSCALLS 1
#define HAVE_FORCED_UNWIND 1
#define HAVE_SSE4_SUPPORT 1
#define HAVE_AVX_SUPPORT 1
#define HAVE_AVX512_ASM_SUPPORT 1
#define HAVE_AVX512_SUPPORT 1
#define HAVE_SSE2AVX_SUPPORT 1
#define HAVE_FMA4_SUPPORT 1
#define HAVE_MPX_SUPPORT 1
#define HAVE_AVX2_SUPPORT 1
#define PI_STATIC_AND_HIDDEN 1
#define HAVE_IFUNC 1
#define USE_NSCD 1
#define USE_LDCONFIG 1

configure: exit 0
